  main.cpp
C:\KMITL\1D\semester_1\propro\Meteorite_V3_Final\main.cpp(77,52): warning C4244: 'argument': conversion from 'T' to 'float', possible loss of data
          with
          [
              T=unsigned int
          ]
C:\KMITL\1D\semester_1\propro\Meteorite_V3_Final\main.cpp(77,32): warning C4244: 'argument': conversion from 'T' to 'float', possible loss of data
          with
          [
              T=unsigned int
          ]
C:\KMITL\1D\semester_1\propro\Meteorite_V3_Final\main.cpp(225,33): warning C4353: nonstandard extension used: constant 0 as function expression.  Use '__noop' function intrinsic instead
C:\KMITL\1D\semester_1\propro\Meteorite_V3_Final\main.cpp(306,37): warning C4244: '=': conversion from 'double' to 'float', possible loss of data
C:\KMITL\1D\semester_1\propro\Meteorite_V3_Final\main.cpp(307,38): warning C4244: 'argument': conversion from 'double' to 'float', possible loss of data
C:\KMITL\1D\semester_1\propro\Meteorite_V3_Final\main.cpp(307,29): warning C4244: 'argument': conversion from 'double' to 'float', possible loss of data
C:\KMITL\1D\semester_1\propro\Meteorite_V3_Final\main.cpp(309,30): warning C4244: 'argument': conversion from 'int' to 'float', possible loss of data
C:\KMITL\1D\semester_1\propro\Meteorite_V3_Final\main.cpp(450,34): warning C4244: 'argument': conversion from 'int' to 'float', possible loss of data
C:\KMITL\1D\semester_1\propro\Meteorite_V3_Final\main.cpp(451,41): warning C4244: '=': conversion from 'double' to 'float', possible loss of data
C:\KMITL\1D\semester_1\propro\Meteorite_V3_Final\main.cpp(464,32): warning C4244: 'argument': conversion from 'int' to 'float', possible loss of data
C:\KMITL\1D\semester_1\propro\Meteorite_V3_Final\main.cpp(465,39): warning C4244: '=': conversion from 'double' to 'float', possible loss of data
C:\KMITL\1D\semester_1\propro\Meteorite_V3_Final\main.cpp(472,32): warning C4244: 'argument': conversion from 'int' to 'float', possible loss of data
C:\KMITL\1D\semester_1\propro\Meteorite_V3_Final\main.cpp(473,39): warning C4244: '=': conversion from 'double' to 'float', possible loss of data
C:\KMITL\1D\semester_1\propro\Meteorite_V3_Final\main.cpp(511,70): warning C4244: 'argument': conversion from 'int' to 'float', possible loss of data
C:\KMITL\1D\semester_1\propro\Meteorite_V3_Final\main.cpp(511,49): warning C4244: 'argument': conversion from 'int' to 'float', possible loss of data
C:\KMITL\1D\semester_1\propro\Meteorite_V3_Final\main.cpp(517,69): warning C4244: 'argument': conversion from 'int' to 'float', possible loss of data
C:\KMITL\1D\semester_1\propro\Meteorite_V3_Final\main.cpp(517,48): warning C4244: 'argument': conversion from 'int' to 'float', possible loss of data
C:\KMITL\1D\semester_1\propro\Meteorite_V3_Final\main.cpp(671,39): warning C4244: 'argument': conversion from 'int' to 'float', possible loss of data
C:\KMITL\1D\semester_1\propro\Meteorite_V3_Final\main.cpp(672,41): warning C4244: 'argument': conversion from 'int' to 'float', possible loss of data
C:\KMITL\1D\semester_1\propro\Meteorite_V3_Final\main.cpp(730,33): warning C4353: nonstandard extension used: constant 0 as function expression.  Use '__noop' function intrinsic instead
C:\KMITL\1D\semester_1\propro\Meteorite_V3_Final\main.cpp(798,33): warning C4353: nonstandard extension used: constant 0 as function expression.  Use '__noop' function intrinsic instead
  Generating code
  1 of 358 functions ( 0.3%) were compiled, the rest were copied from previous compilation.
    0 functions were new in current compilation
    1 functions had inline decision re-evaluated but remain unchanged
  Finished generating code
  Meteorite_V3.vcxproj -> C:\KMITL\1D\semester_1\propro\Meteorite_V3_Final\Release\Meteorite_V3.exe
